[ 2016-05-08T12:21:25+08:00 ] ::1 /Shop/index.php
INFO: [ app_init ] --START--
INFO: Run Behavior\BuildLiteBehavior [ RunTime:0.000747s ]
INFO: [ app_init ] --END-- [ RunTime:0.136349s ]
INFO: [ app_begin ] --START--
INFO: Run Behavior\ReadHtmlCacheBehavior [ RunTime:0.018476s ]
INFO: [ app_begin ] --END-- [ RunTime:0.018635s ]
INFO: [ view_parse ] --START--
INFO: Run Behavior\ParseTemplateBehavior [ RunTime:0.768714s ]
INFO: [ view_parse ] --END-- [ RunTime:0.768835s ]
INFO: [ view_filter ] --START--
INFO: Run Behavior\WriteHtmlCacheBehavior [ RunTime:0.076380s ]
INFO: [ view_filter ] --END-- [ RunTime:0.076465s ]
INFO: [ app_end ] --START--
INFO: Run Behavior\ShowPageTraceBehavior [ RunTime:0.033177s ]
INFO: [ app_end ] --END-- [ RunTime:0.033312s ]

[ 2016-05-08T14:10:19+08:00 ] ::1 /shop/
INFO: [ app_init ] --START--
INFO: Run Behavior\BuildLiteBehavior [ RunTime:0.000036s ]
INFO: [ app_init ] --END-- [ RunTime:0.001220s ]
INFO: [ app_begin ] --START--
INFO: Run Behavior\ReadHtmlCacheBehavior [ RunTime:0.001058s ]
INFO: [ app_begin ] --END-- [ RunTime:0.001154s ]
INFO: [ view_parse ] --START--
NOTIC: [2] filemtime() [<a href='function.filemtime'>function.filemtime</a>]: stat failed for D:/HYshop/Shop/Runtime/Cache\837ff669a31b5ad26d4ae3b3cbbfd8e4b4f44339.file.index.html.php D:\HYshop\ThinkPHP\Library\Vendor\Smarty\sysplugins\smarty_resource.php 第 683 行.
NOTIC: [2] unlink(D:/HYshop/Shop/Runtime/Cache\837ff669a31b5ad26d4ae3b3cbbfd8e4b4f44339.file.index.html.php) [<a href='function.unlink'>function.unlink</a>]: No such file or directory D:\HYshop\ThinkPHP\Library\Vendor\Smarty\sysplugins\smarty_internal_write_file.php 第 49 行.
INFO: Run Behavior\ParseTemplateBehavior [ RunTime:1.793175s ]
INFO: [ view_parse ] --END-- [ RunTime:1.793290s ]
INFO: [ view_filter ] --START--
INFO: Run Behavior\WriteHtmlCacheBehavior [ RunTime:0.001078s ]
INFO: [ view_filter ] --END-- [ RunTime:0.001136s ]
INFO: [ app_end ] --START--
INFO: Run Behavior\ShowPageTraceBehavior [ RunTime:0.001449s ]
INFO: [ app_end ] --END-- [ RunTime:0.001596s ]

[ 2016-05-08T14:10:32+08:00 ] ::1 /shop/
INFO: [ app_init ] --START--
INFO: Run Behavior\BuildLiteBehavior [ RunTime:0.000018s ]
INFO: [ app_init ] --END-- [ RunTime:0.000651s ]
INFO: [ app_begin ] --START--
INFO: Run Behavior\ReadHtmlCacheBehavior [ RunTime:0.001573s ]
INFO: [ app_begin ] --END-- [ RunTime:0.001813s ]
INFO: [ view_parse ] --START--
INFO: Run Behavior\ParseTemplateBehavior [ RunTime:0.019273s ]
INFO: [ view_parse ] --END-- [ RunTime:0.019396s ]
INFO: [ view_filter ] --START--
INFO: Run Behavior\WriteHtmlCacheBehavior [ RunTime:0.000813s ]
INFO: [ view_filter ] --END-- [ RunTime:0.000888s ]
INFO: [ app_end ] --START--
INFO: Run Behavior\ShowPageTraceBehavior [ RunTime:0.001371s ]
INFO: [ app_end ] --END-- [ RunTime:0.001512s ]

