[ 2016-05-06T09:36:52+08:00 ] ::1 /Shop/index.php
INFO: [ app_init ] --START--
INFO: Run Behavior\BuildLiteBehavior [ RunTime:0.000031s ]
INFO: [ app_init ] --END-- [ RunTime:0.041988s ]
INFO: [ app_begin ] --START--
INFO: Run Behavior\ReadHtmlCacheBehavior [ RunTime:0.007178s ]
INFO: [ app_begin ] --END-- [ RunTime:0.007381s ]
INFO: [ view_parse ] --START--
INFO: Run Behavior\ParseTemplateBehavior [ RunTime:0.304839s ]
INFO: [ view_parse ] --END-- [ RunTime:0.304943s ]
INFO: [ view_filter ] --START--
INFO: Run Behavior\WriteHtmlCacheBehavior [ RunTime:0.034075s ]
INFO: [ view_filter ] --END-- [ RunTime:0.034152s ]
INFO: [ app_end ] --START--
INFO: Run Behavior\ShowPageTraceBehavior [ RunTime:0.011678s ]
INFO: [ app_end ] --END-- [ RunTime:0.011833s ]

[ 2016-05-06T21:06:20+08:00 ] ::1 /Shop/index.php
INFO: [ app_init ] --START--
INFO: Run Behavior\BuildLiteBehavior [ RunTime:0.000025s ]
INFO: [ app_init ] --END-- [ RunTime:0.184971s ]
INFO: [ app_begin ] --START--
INFO: Run Behavior\ReadHtmlCacheBehavior [ RunTime:0.029097s ]
INFO: [ app_begin ] --END-- [ RunTime:0.029255s ]
INFO: [ view_parse ] --START--
INFO: Run Behavior\ParseTemplateBehavior [ RunTime:0.622240s ]
INFO: [ view_parse ] --END-- [ RunTime:0.622341s ]
INFO: [ view_filter ] --START--
INFO: Run Behavior\WriteHtmlCacheBehavior [ RunTime:0.057446s ]
INFO: [ view_filter ] --END-- [ RunTime:0.057525s ]
INFO: [ app_end ] --START--
INFO: Run Behavior\ShowPageTraceBehavior [ RunTime:0.142893s ]
INFO: [ app_end ] --END-- [ RunTime:0.143014s ]

