[ 2016-04-14T01:52:00+08:00 ] ::1 /shop/index.php/admin/index/bootstrap.min.css
ERR: 非法操作:bootstrap.min.css

[ 2016-04-14T01:52:00+08:00 ] ::1 /shop/index.php/admin/index/__CONTROLLER__/head
ERR: 非法操作:__CONTROLLER__

[ 2016-04-14T01:52:03+08:00 ] ::1 /shop/index.php/admin/index/__CONTROLLER__/left
ERR: 非法操作:__CONTROLLER__

[ 2016-04-14T01:52:03+08:00 ] ::1 /shop/index.php/admin/index/__CONTROLLER__/right
ERR: 非法操作:__CONTROLLER__

[ 2016-04-14T09:38:35+08:00 ] ::1 /shop/index.php/admin/index/bootstrap.min.css
ERR: 非法操作:bootstrap.min.css

[ 2016-04-14T09:38:36+08:00 ] ::1 /shop/index.php/admin/index/__CONTROLLER__/head
ERR: 非法操作:__CONTROLLER__

[ 2016-04-14T09:38:36+08:00 ] ::1 /shop/index.php/admin/index/__CONTROLLER__/left
ERR: 非法操作:__CONTROLLER__

[ 2016-04-14T09:38:39+08:00 ] ::1 /shop/index.php/admin/index/__CONTROLLER__/right
ERR: 非法操作:__CONTROLLER__

[ 2016-04-14T09:38:55+08:00 ] ::1 /shop/index.php/admin/index/bootstrap.min.css
ERR: 非法操作:bootstrap.min.css

[ 2016-04-14T09:38:55+08:00 ] ::1 /shop/index.php/admin/index/__CONTROLLER__/head
ERR: 非法操作:__CONTROLLER__

[ 2016-04-14T09:38:56+08:00 ] ::1 /shop/index.php/admin/index/__CONTROLLER__/left
ERR: 非法操作:__CONTROLLER__

[ 2016-04-14T09:38:56+08:00 ] ::1 /shop/index.php/admin/index/__CONTROLLER__/right
ERR: 非法操作:__CONTROLLER__

[ 2016-04-14T13:01:40+08:00 ] ::1 /shop/index.php/admin/index/bootstrap.min.css
ERR: 非法操作:bootstrap.min.css

[ 2016-04-14T13:01:41+08:00 ] ::1 /shop/index.php/admin/index/__CONTROLLER__/left
ERR: 非法操作:__CONTROLLER__

[ 2016-04-14T13:01:43+08:00 ] ::1 /shop/index.php/admin/index/__CONTROLLER__/right
ERR: 非法操作:__CONTROLLER__

[ 2016-04-14T13:01:43+08:00 ] ::1 /shop/index.php/admin/index/__CONTROLLER__/head
ERR: 非法操作:__CONTROLLER__

[ 2016-04-14T13:01:43+08:00 ] ::1 /shop/index.php/admin/index/bootstrap.min.css
ERR: 非法操作:bootstrap.min.css

[ 2016-04-14T13:01:43+08:00 ] ::1 /shop/index.php/admin/index/__CONTROLLER__/head
ERR: 非法操作:__CONTROLLER__

[ 2016-04-14T13:01:43+08:00 ] ::1 /shop/index.php/admin/index/__CONTROLLER__/left
ERR: 非法操作:__CONTROLLER__

[ 2016-04-14T13:01:43+08:00 ] ::1 /shop/index.php/admin/index/__CONTROLLER__/right
ERR: 非法操作:__CONTROLLER__

[ 2016-04-14T13:01:45+08:00 ] ::1 /shop/index.php/admin/index/bootstrap.min.css
ERR: 非法操作:bootstrap.min.css

[ 2016-04-14T13:01:45+08:00 ] ::1 /shop/index.php/admin/index/__CONTROLLER__/head
ERR: 非法操作:__CONTROLLER__

[ 2016-04-14T13:01:45+08:00 ] ::1 /shop/index.php/admin/index/__CONTROLLER__/left
ERR: 非法操作:__CONTROLLER__

[ 2016-04-14T13:01:45+08:00 ] ::1 /shop/index.php/admin/index/__CONTROLLER__/right
ERR: 非法操作:__CONTROLLER__

[ 2016-04-14T13:01:46+08:00 ] ::1 /shop/index.php/admin/index/__CONTROLLER__/head
ERR: 非法操作:__CONTROLLER__

[ 2016-04-14T13:01:46+08:00 ] ::1 /shop/index.php/admin/index/bootstrap.min.css
ERR: 非法操作:bootstrap.min.css

[ 2016-04-14T13:01:46+08:00 ] ::1 /shop/index.php/admin/index/__CONTROLLER__/left
ERR: 非法操作:__CONTROLLER__

[ 2016-04-14T13:01:47+08:00 ] ::1 /shop/index.php/admin/index/__CONTROLLER__/right
ERR: 非法操作:__CONTROLLER__

[ 2016-04-14T13:01:50+08:00 ] ::1 /shop/index.php/admin/index/bootstrap.min.css
ERR: 非法操作:bootstrap.min.css

[ 2016-04-14T13:01:50+08:00 ] ::1 /shop/index.php/admin/index/__CONTROLLER__/head
ERR: 非法操作:__CONTROLLER__

[ 2016-04-14T13:01:50+08:00 ] ::1 /shop/index.php/admin/index/__CONTROLLER__/left
ERR: 非法操作:__CONTROLLER__

[ 2016-04-14T13:01:51+08:00 ] ::1 /shop/index.php/admin/index/__CONTROLLER__/right
ERR: 非法操作:__CONTROLLER__

[ 2016-04-14T13:01:53+08:00 ] ::1 /shop/index.php/admin/index/bootstrap.min.css
ERR: 非法操作:bootstrap.min.css

[ 2016-04-14T13:01:53+08:00 ] ::1 /shop/index.php/admin/index/__CONTROLLER__/head
ERR: 非法操作:__CONTROLLER__

[ 2016-04-14T13:01:53+08:00 ] ::1 /shop/index.php/admin/index/__CONTROLLER__/left
ERR: 非法操作:__CONTROLLER__

[ 2016-04-14T13:01:54+08:00 ] ::1 /shop/index.php/admin/index/__CONTROLLER__/right
ERR: 非法操作:__CONTROLLER__

[ 2016-04-14T13:26:29+08:00 ] ::1 /shop/index.php/admin/goods/bootstrap.min.css
ERR: 非法操作:bootstrap.min.css

[ 2016-04-14T13:26:30+08:00 ] ::1 /shop/index.php/admin/goods/bootstrap.min.js
ERR: 非法操作:bootstrap.min.js

[ 2016-04-14T13:26:30+08:00 ] ::1 /shop/index.php/admin/goods/jquery.min.js
ERR: 非法操作:jquery.min.js

[ 2016-04-14T13:26:30+08:00 ] ::1 /shop/index.php/admin/goods/bootstrap.min.js
ERR: 非法操作:bootstrap.min.js

[ 2016-04-14T13:36:10+08:00 ] ::1 /shop/index.php/admin/index/bootstrap.min.css
ERR: 非法操作:bootstrap.min.css

[ 2016-04-14T13:36:10+08:00 ] ::1 /shop/index.php/admin/index/__CONTROLLER__/head
ERR: 非法操作:__CONTROLLER__

[ 2016-04-14T13:36:11+08:00 ] ::1 /shop/index.php/admin/index/__CONTROLLER__/left
ERR: 非法操作:__CONTROLLER__

[ 2016-04-14T13:36:11+08:00 ] ::1 /shop/index.php/admin/index/__CONTROLLER__/right
ERR: 非法操作:__CONTROLLER__

[ 2016-04-14T13:48:39+08:00 ] ::1 /shop/index.php/admin/goods/bootstrap.min.css
ERR: 非法操作:bootstrap.min.css

[ 2016-04-14T13:48:40+08:00 ] ::1 /shop/index.php/admin/goods/bootstrap.min.js
ERR: 非法操作:bootstrap.min.js

[ 2016-04-14T13:48:42+08:00 ] ::1 /shop/index.php/admin/goods/jquery.min.js
ERR: 非法操作:jquery.min.js

[ 2016-04-14T13:48:42+08:00 ] ::1 /shop/index.php/admin/goods/bootstrap.min.js
ERR: 非法操作:bootstrap.min.js

[ 2016-04-14T13:55:08+08:00 ] ::1 /shop/index.php/admin/index/__CONTROLLER__/head
ERR: 非法操作:__CONTROLLER__

[ 2016-04-14T13:55:09+08:00 ] ::1 /shop/index.php/admin/index/__CONTROLLER__/left
ERR: 非法操作:__CONTROLLER__

[ 2016-04-14T13:55:11+08:00 ] ::1 /shop/index.php/admin/index/__CONTROLLER__/right
ERR: 非法操作:__CONTROLLER__

[ 2016-04-14T13:56:36+08:00 ] ::1 /shop/index.php/admin/index/__CONTROLLER__/head
ERR: 非法操作:__CONTROLLER__

[ 2016-04-14T13:56:36+08:00 ] ::1 /shop/index.php/admin/index/__CONTROLLER__/left
ERR: 非法操作:__CONTROLLER__

[ 2016-04-14T13:56:37+08:00 ] ::1 /shop/index.php/admin/index/__CONTROLLER__/right
ERR: 非法操作:__CONTROLLER__

[ 2016-04-14T13:56:38+08:00 ] ::1 /shop/index.php/admin/index/__CONTROLLER__/head
ERR: 非法操作:__CONTROLLER__

[ 2016-04-14T13:56:39+08:00 ] ::1 /shop/index.php/admin/index/__CONTROLLER__/left
ERR: 非法操作:__CONTROLLER__

[ 2016-04-14T13:56:39+08:00 ] ::1 /shop/index.php/admin/index/__CONTROLLER__/right
ERR: 非法操作:__CONTROLLER__

[ 2016-04-14T13:57:10+08:00 ] ::1 /shop/index.php/admin/index/__CONTROLLER__/left
ERR: 非法操作:__CONTROLLER__

[ 2016-04-14T13:57:10+08:00 ] ::1 /shop/index.php/admin/index/__CONTROLLER__/head
ERR: 非法操作:__CONTROLLER__

[ 2016-04-14T13:57:11+08:00 ] ::1 /shop/index.php/admin/index/__CONTROLLER__/right
ERR: 非法操作:__CONTROLLER__

[ 2016-04-14T13:57:15+08:00 ] ::1 /shop/index.php/admin/index/__CONTROLLER__/left
ERR: 非法操作:__CONTROLLER__

[ 2016-04-14T13:57:15+08:00 ] ::1 /shop/index.php/admin/index/__CONTROLLER__/head
ERR: 非法操作:__CONTROLLER__

[ 2016-04-14T13:57:16+08:00 ] ::1 /shop/index.php/admin/index/__CONTROLLER__/right
ERR: 非法操作:__CONTROLLER__

[ 2016-04-14T13:57:20+08:00 ] ::1 /shop/index.php/admin/index/__CONTROLLER__/left
ERR: 非法操作:__CONTROLLER__

[ 2016-04-14T13:57:20+08:00 ] ::1 /shop/index.php/admin/index/__CONTROLLER__/head
ERR: 非法操作:__CONTROLLER__

[ 2016-04-14T13:57:21+08:00 ] ::1 /shop/index.php/admin/index/__CONTROLLER__/right
ERR: 非法操作:__CONTROLLER__

[ 2016-04-14T13:58:10+08:00 ] ::1 /shop/index.php/admin/index/__CONTROLLER__/head
ERR: 非法操作:__CONTROLLER__

[ 2016-04-14T13:58:10+08:00 ] ::1 /shop/index.php/admin/index/__CONTROLLER__/left
ERR: 非法操作:__CONTROLLER__

[ 2016-04-14T13:58:11+08:00 ] ::1 /shop/index.php/admin/index/__CONTROLLER__/right
ERR: 非法操作:__CONTROLLER__

[ 2016-04-14T13:58:13+08:00 ] ::1 /shop/index.php/admin/index/__CONTROLLER__/left
ERR: 非法操作:__CONTROLLER__

[ 2016-04-14T13:58:13+08:00 ] ::1 /shop/index.php/admin/index/__CONTROLLER__/head
ERR: 非法操作:__CONTROLLER__

[ 2016-04-14T13:58:14+08:00 ] ::1 /shop/index.php/admin/index/__CONTROLLER__/right
ERR: 非法操作:__CONTROLLER__

[ 2016-04-14T14:01:31+08:00 ] ::1 /shop/index.php/admin/index/__CONTROLLER__/head
ERR: 非法操作:__CONTROLLER__

[ 2016-04-14T14:01:31+08:00 ] ::1 /shop/index.php/admin/index/__CONTROLLER__/left
ERR: 非法操作:__CONTROLLER__

[ 2016-04-14T14:01:32+08:00 ] ::1 /shop/index.php/admin/index/__CONTROLLER__/right
ERR: 非法操作:__CONTROLLER__

[ 2016-04-14T14:05:18+08:00 ] ::1 /shop/index.php/Admin/Index/bootstrap.min.css
ERR: 非法操作:bootstrap.min.css

[ 2016-04-14T14:05:18+08:00 ] ::1 /shop/index.php/Admin/Index/jquery.min.js
ERR: 非法操作:jquery.min.js

[ 2016-04-14T14:05:19+08:00 ] ::1 /shop/index.php/Admin/Index/bootstrap.min.js
ERR: 非法操作:bootstrap.min.js

[ 2016-04-14T14:05:48+08:00 ] ::1 /shop/index.php/Admin/Index/jquery.min.js
ERR: 非法操作:jquery.min.js

[ 2016-04-14T14:05:48+08:00 ] ::1 /shop/index.php/Admin/Index/bootstrap.min.css
ERR: 非法操作:bootstrap.min.css

[ 2016-04-14T14:05:49+08:00 ] ::1 /shop/index.php/Admin/Index/bootstrap.min.js
ERR: 非法操作:bootstrap.min.js

[ 2016-04-14T14:14:59+08:00 ] ::1 /shop/index.php/Admin/Goods/jquery.min.js
ERR: 非法操作:jquery.min.js

[ 2016-04-14T14:15:00+08:00 ] ::1 /shop/index.php/Admin/Goods/bootstrap.min.js
ERR: 非法操作:bootstrap.min.js

[ 2016-04-14T14:15:02+08:00 ] ::1 /shop/index.php/Admin/Goods/bootstrap.min.css
ERR: 非法操作:bootstrap.min.css

[ 2016-04-14T16:05:05+08:00 ] ::1 /shop/index.php/Admin/Goods/showlist?
ERR: Syntax Error in template "D:/HYshop/shop/Admin/View\Goods\showlist.html"  on line 12 "$(&quot;a&quot;).focus(function(){this.blur()});"  - Unexpected ".", expected one of: "}" , " "

[ 2016-04-14T16:05:23+08:00 ] ::1 /shop/index.php/Admin/Goods/showlist?
ERR: Syntax Error in template "D:/HYshop/shop/Admin/View\Goods\showlist.html"  on line 51 "$(&quot;a&quot;).focus(function(){this.blur()});"  - Unexpected ".", expected one of: "}" , " "

[ 2016-04-14T16:05:46+08:00 ] ::1 /shop/index.php/Admin/Goods/showlist?
ERR: Syntax Error in template "D:/HYshop/shop/Admin/View\Goods\showlist.html"  on line 53 "document.links[ii].onfocus=function(){this.blur()};"  - Unexpected ".", expected one of: "}" , " "

[ 2016-04-14T18:13:26+08:00 ] ::1 /shop/index.php/Admin/Goods/bootstrap.min.css
ERR: 非法操作:bootstrap.min.css

[ 2016-04-14T18:13:27+08:00 ] ::1 /shop/index.php/Admin/Goods/jquery.min.js
ERR: 非法操作:jquery.min.js

[ 2016-04-14T18:13:29+08:00 ] ::1 /shop/index.php/Admin/Goods/bootstrap.min.js
ERR: 非法操作:bootstrap.min.js

